[2026-01-22 23:07:35,185] 22 root - INFO - Data Ingestion Config
[2026-01-22 23:07:35,191] 33 root - INFO - Read the dataset as dataframe
[2026-01-22 23:07:35,198] 37 root - INFO - Created the raw data file
[2026-01-22 23:07:35,198] 39 root - INFO - Splitting the data into train and test
[2026-01-22 23:07:35,201] 43 root - INFO - Data Splitting is done
[2026-01-22 23:07:35,205] 47 root - INFO - Created the train and test data files
[2026-01-22 23:07:35,205] 48 root - INFO - Data ingestion Completed
[2026-01-22 23:07:35,283] 56 root - INFO - Read train and test data completed
[2026-01-22 23:07:35,291] 57 root - INFO - Obtaining preprocessing object
[2026-01-22 23:07:35,291] 40 root - INFO - Categorical Columns: ['gender', 'race_ethnicity', 'parental_level_of_education', 'lunch', 'test_preparation_course']
[2026-01-22 23:07:35,291] 41 root - INFO - Numerical Columns: ['writing_score', 'reading_score']
[2026-01-22 23:07:35,304] 64 root - INFO - Train Data Before Transformation:
    gender race_ethnicity  ... reading_score writing_score
0  female        group D  ...            70            75
1  female        group C  ...            83            83
2  female        group D  ...            89            86
3    male        group C  ...            67            66
4    male        group E  ...            64            57

[5 rows x 8 columns]
[2026-01-22 23:07:35,311] 65 root - INFO - Test Data Before Transformation:
    gender race_ethnicity  ... reading_score writing_score
0  female        group C  ...            86            84
1  female        group B  ...            66            73
2    male        group D  ...            73            72
3    male        group C  ...            77            73
4    male        group E  ...            83            78

[5 rows x 8 columns]
[2026-01-22 23:07:35,316] 73 root - INFO - Input Train Data After Transformation: 
    gender race_ethnicity  ... reading_score writing_score
0  female        group D  ...            70            75
1  female        group C  ...            83            83
2  female        group D  ...            89            86
3    male        group C  ...            67            66
4    male        group E  ...            64            57

[5 rows x 7 columns]
[2026-01-22 23:07:35,320] 74 root - INFO - Input Test Data After Transformation:
    gender race_ethnicity  ... reading_score writing_score
0  female        group C  ...            86            84
1  female        group B  ...            66            73
2    male        group D  ...            73            72
3    male        group C  ...            77            73
4    male        group E  ...            83            78

[5 rows x 7 columns]
[2026-01-22 23:07:35,321] 75 root - INFO - Target Train Data After Transformation: 
0    62
1    66
2    79
3    61
4    73
Name: math_score, dtype: int64
[2026-01-22 23:07:35,321] 76 root - INFO - Target Test Data After Transformation:
 0    91
1    53
2    80
3    74
4    84
Name: math_score, dtype: int64
[2026-01-22 23:07:35,321] 78 root - INFO - Applying preprocessing object on training dataframe and testing dataframe.
[2026-01-22 23:07:35,331] 85 root - INFO - Input Train Data After Transformation: 
 (800, 19)
[2026-01-22 23:07:35,331] 86 root - INFO - Input Test Data After Transformation:
 (200, 19)
[2026-01-22 23:07:35,331] 93 root - INFO - Saved preprocessing object.
[2026-01-22 23:07:35,333] 23 root - INFO - Split training and test input data
[2026-01-22 23:08:11,630] 80 root - INFO - Best found model on both training and testing dataset
[2026-01-22 23:08:11,641] 90 root - INFO - Best Model: LinearRegression()
[2026-01-22 23:08:11,641] 91 root - INFO - R2 score of best model is 0.8804332983749565
